{
  level: 'info',
  message: 'Input Socre Module Successfull',
  timestamp: '10:05:51 25-05-2023'
}
{
  level: 'info',
  message: 'Input Socre Module Successfull',
  timestamp: '10:05:27 25-05-2023'
}
{
  level: 'info',
  message: 'Input Socre Module Successfull',
  timestamp: '10:05:48 25-05-2023'
}
{
  level: 'info',
  message: 'Input Socre Module Successfull',
  timestamp: '10:05:55 25-05-2023'
}
{
  level: 'info',
  message: 'Input Socre Module Successfull',
  timestamp: '10:05:01 25-05-2023'
}
{
  level: 'info',
  message: 'Input Socre Module Successfull',
  timestamp: '10:05:57 25-05-2023'
}
{
  level: 'info',
  message: 'Input Socre Module Successfull',
  timestamp: '10:05:07 25-05-2023'
}
{
  level: 'info',
  message: 'Input Socre Module Successfull',
  timestamp: '10:05:48 25-05-2023'
}
{
  level: 'info',
  message: 'Input Socre Module Successfull',
  timestamp: '10:05:26 25-05-2023'
}
{
  level: 'info',
  message: 'Input Socre Module Successfull',
  timestamp: '10:05:43 25-05-2023'
}
{
  level: 'info',
  message: 'Input Socre Module Successfull',
  timestamp: '10:05:03 25-05-2023'
}
{
  level: 'info',
  message: 'Input Socre Module Successfull',
  timestamp: '10:05:12 25-05-2023'
}
{
  level: 'info',
  message: 'Input Socre Module Successfull',
  timestamp: '10:05:17 25-05-2023'
}
{
  level: 'info',
  message: 'Input Socre Module Successfull',
  timestamp: '10:05:17 25-05-2023'
}
{
  level: 'info',
  message: 'Input Socre Module Successfull',
  timestamp: '10:05:22 25-05-2023'
}
{
  level: 'info',
  message: 'Input Socre Module Successfull',
  timestamp: '10:05:26 25-05-2023'
}
{
  level: 'info',
  message: 'Input Socre Module Successfull',
  timestamp: '10:05:59 25-05-2023'
}
{
  level: 'info',
  message: 'Input Socre Module Successfull',
  timestamp: '10:05:50 25-05-2023'
}
{
  level: 'info',
  message: 'Input Socre Module Successfull',
  timestamp: '10:05:28 25-05-2023'
}
{
  level: 'info',
  message: 'Input Socre Module Successfull',
  timestamp: '10:05:51 25-05-2023'
}
{
  level: 'info',
  message: 'Input Socre Module Successfull',
  timestamp: '10:05:21 25-05-2023'
}
{
  level: 'info',
  message: 'Truy xuất bảng điểm người dùng tuankhoa2908 thành công',
  timestamp: '10:05:25 25-05-2023'
}
{
  level: 'info',
  message: 'Input Socre Module Successfull',
  timestamp: '10:05:46 25-05-2023'
}
{
  level: 'info',
  message: 'Input Socre Module Successfull',
  timestamp: '11:05:30 25-05-2023'
}
{
  level: 'info',
  message: 'Input Socre Module Successfull',
  timestamp: '11:05:06 25-05-2023'
}
{
  level: 'info',
  message: 'Input Socre Module Successfull',
  timestamp: '11:05:18 25-05-2023'
}
{
  level: 'info',
  message: 'Input Socre Module Successfull',
  timestamp: '11:05:47 25-05-2023'
}
{
  level: 'info',
  message: 'Input Socre Module Successfull',
  timestamp: '11:05:43 25-05-2023'
}
{
  level: 'info',
  message: 'Input Socre Module Successfull',
  timestamp: '11:05:19 25-05-2023'
}
{
  level: 'info',
  message: 'Input Socre Module Successfull',
  timestamp: '11:05:28 25-05-2023'
}
{
  level: 'info',
  message: 'Input Socre Module Successfull',
  timestamp: '11:05:58 25-05-2023'
}
{
  level: 'info',
  message: 'Input Socre Module Successfull',
  timestamp: '11:05:21 25-05-2023'
}
{
  level: 'info',
  message: 'Input Socre Module Successfull',
  timestamp: '11:05:14 25-05-2023'
}
{
  level: 'info',
  message: 'Input Socre Module Successfull',
  timestamp: '11:05:27 25-05-2023'
}
{
  level: 'info',
  message: 'Data Package can lost when send to server in module `input_module_score`.',
  timestamp: '13:05:12 25-05-2023'
}
{
  level: 'info',
  message: 'Data Package can lost when send to server in module `input_module_score`.',
  timestamp: '13:05:30 25-05-2023'
}
{
  level: 'info',
  message: 'Data Package can lost when send to server in module `input_module_score`.',
  timestamp: '13:05:46 25-05-2023'
}
{
  level: 'info',
  message: 'Data Package can lost when send to server in module `input_module_score`.',
  timestamp: '13:05:05 25-05-2023'
}
{
  level: 'info',
  message: 'Input Socre Module Successfull',
  timestamp: '13:05:32 25-05-2023'
}
{
  level: 'info',
  message: 'Input Socre Module Successfull',
  timestamp: '13:05:01 25-05-2023'
}
{
  level: 'info',
  message: 'Input Socre Module Successfull',
  timestamp: '13:05:10 25-05-2023'
}
{
  level: 'info',
  message: 'Input Socre Module Successfull',
  timestamp: '13:05:47 25-05-2023'
}
{
  level: 'info',
  message: 'Input Socre Module Successfull',
  timestamp: '13:05:15 25-05-2023'
}
{
  level: 'info',
  message: 'Input Socre Module Successfull',
  timestamp: '13:05:03 25-05-2023'
}
{
  level: 'info',
  message: 'Input Socre Module Successfull',
  timestamp: '13:05:58 25-05-2023'
}
